alsa-firmware
alsa-utils
ansible-core
arch-audit
base
base-devel
bat
bpytop
carla
code
cups
cups-pdf
deepin-printer
discord
dmidecode
dnsmasq
docker
docker-compose
duf
edk2-ovmf
efibootmgr
expac
eza
ffmpegthumbnailer
firefox
font-manager
freerdp
fwupd
fzf
gdb
gdb-common
git
glow
gnome-keyring
grim
grub
gst-libav
gst-plugins-ugly
hyprland
intel-ucode
jq
jupyter-notebook
kitty
less
libreoffice-fresh
libva
libvirt
linux
linux-firmware
linux-headers
man-db
nano
nautilus
neofetch
neovim
network-manager-applet
networkmanager
networkmanager-openvpn
noto-fonts
noto-fonts-cjk
noto-fonts-emoji
noto-fonts-extra
ntfs-3g
nvidia-dkms
obs-studio
openresolv
pacman-contrib
pipewire-alsa
pipewire-pulse
pkgfile
pyenv
python-pipenv
python-pyquery
qemu-desktop
qt5-wayland
qt5ct
qt6-wayland
reflector
ripgrep
ristretto
rkhunter
rofi
rsync
sddm
seatd
sl
slurp
source-highlight
spotify-launcher
steam
stow
swayidle
termdown
thunderbird
timeshift
tldr
traceroute
tree
ttf-font-awesome
ttf-liberation
udiskie
unzip
virt-manager
vlc
vulkan-tools
webp-pixbuf-loader
wget
wireguard-tools
wireplumber
xclip
xdg-desktop-portal-hyprland
xorg-xev
xxhash
zoxide
zsh
