alsa-firmware
alsa-utils
ansible-core
arch-audit
base
base-devel
bat
bc
bind
bpytop
carla
code
composer
cups
cups-pdf
ddcutil
deepin-printer
discord
dmidecode
dnsmasq
docker
docker-compose
duf
dunst
edk2-ovmf
efibootmgr
expac
eza
fd
ffmpegthumbnailer
firefox
font-manager
freerdp
fwupd
fzf
gdb
gdb-common
gimp
git
glava
glow
gnome-keyring
gnome-themes-extra
gnome-tweaks
grim
grub
gst-libav
gst-plugins-ugly
hyprland
inotify-tools
intel-ucode
jq
jupyter-notebook
kitty
lazygit
less
libheif
libreoffice-fresh
libva
libvirt
linux
linux-firmware
linux-headers
man-db
minikube
nano
nemo
neofetch
neovim
network-manager-applet
networkmanager
networkmanager-openvpn
nmap
nodejs
noto-fonts
noto-fonts-cjk
noto-fonts-emoji
noto-fonts-extra
npm
ntfs-3g
nvidia-dkms
nvtop
obs-studio
openresolv
pacman-contrib
php
pipewire-alsa
pipewire-pulse
pkgfile
postgresql-libs
pyenv
python-pipenv
python-pyquery
qemu-desktop
qt5-wayland
qt5ct
qt6-wayland
ranger
reflector
ripgrep
ristretto
rkhunter
rofi
rsync
sddm
seatd
sl
slurp
socat
source-highlight
sshfs
sshpass
steam
stow
swayidle
termdown
thunderbird
timeshift
tldr
traceroute
tree
ttf-font-awesome
ttf-liberation
udiskie
ufw
unzip
vim
virt-manager
vlc
vulkan-tools
webp-pixbuf-loader
wf-recorder
wget
wireguard-tools
wireplumber
wireshark-qt
wl-clipboard
xdg-desktop-portal-hyprland
xorg-xev
xxhash
zip
zoxide
zsh
